Flow report for sem11_niosii_d
Fri Nov 13 11:51:08 2020
Quartus II 64-Bit Version 13.0.1 Build 232 06/12/2013 Service Pack 1 SJ Web Edition


---------------------
; Table of Contents ;
---------------------
  1. Legal Notice
  2. Flow Summary
  3. Flow Settings
  4. Flow Non-Default Global Settings
  5. Flow Elapsed Time
  6. Flow OS Summary
  7. Flow Log
  8. Flow Messages
  9. Flow Suppressed Messages



----------------
; Legal Notice ;
----------------
Copyright (C) 1991-2013 Altera Corporation
Your use of Altera Corporation's design tools, logic functions 
and other software and tools, and its AMPP partner logic 
functions, and any output files from any of the foregoing 
(including device programming or simulation files), and any 
associated documentation or information are expressly subject 
to the terms and conditions of the Altera Program License 
Subscription Agreement, Altera MegaCore Function License 
Agreement, or other applicable license agreement, including, 
without limitation, that your use is for the sole purpose of 
programming logic devices manufactured by Altera and sold by 
Altera or its authorized distributors.  Please refer to the 
applicable agreement for further details.



+--------------------------------------------------------------------------------------+
; Flow Summary                                                                         ;
+------------------------------------+-------------------------------------------------+
; Flow Status                        ; Successful - Fri Nov 13 11:51:07 2020           ;
; Quartus II 64-Bit Version          ; 13.0.1 Build 232 06/12/2013 SP 1 SJ Web Edition ;
; Revision Name                      ; sem11_niosii_d                                  ;
; Top-level Entity Name              ; sem11_niosii_d                                  ;
; Family                             ; Cyclone II                                      ;
; Device                             ; EP2C5T144C8                                     ;
; Timing Models                      ; Final                                           ;
; Total logic elements               ; N/A until Partition Merge                       ;
;     Total combinational functions  ; N/A until Partition Merge                       ;
;     Dedicated logic registers      ; N/A until Partition Merge                       ;
; Total registers                    ; N/A until Partition Merge                       ;
; Total pins                         ; N/A until Partition Merge                       ;
; Total virtual pins                 ; N/A until Partition Merge                       ;
; Total memory bits                  ; N/A until Partition Merge                       ;
; Embedded Multiplier 9-bit elements ; N/A until Partition Merge                       ;
; Total PLLs                         ; N/A until Partition Merge                       ;
+------------------------------------+-------------------------------------------------+


+-----------------------------------------+
; Flow Settings                           ;
+-------------------+---------------------+
; Option            ; Setting             ;
+-------------------+---------------------+
; Start date & time ; 11/13/2020 11:50:48 ;
; Main task         ; Compilation         ;
; Revision Name     ; sem11_niosii_d      ;
+-------------------+---------------------+


+-----------------------------------------------------------------------------------------------------------------------------------------------------------------+
; Flow Non-Default Global Settings                                                                                                                                ;
+-------------------------------------+------------------------------------------------------------+---------------+---------------------------------+------------+
; Assignment Name                     ; Value                                                      ; Default Value ; Entity Name                     ; Section Id ;
+-------------------------------------+------------------------------------------------------------+---------------+---------------------------------+------------+
; COMPILER_SIGNATURE_ID               ; 207273072886356.160528624713824                            ; --            ; --                              ; --         ;
; IP_TOOL_ENV                         ; Qsys                                                       ; --            ; altera_avalon_sc_fifo           ; --         ;
; IP_TOOL_ENV                         ; Qsys                                                       ; --            ; altera_merlin_master_agent      ; --         ;
; IP_TOOL_ENV                         ; Qsys                                                       ; --            ; altera_merlin_master_translator ; --         ;
; IP_TOOL_ENV                         ; Qsys                                                       ; --            ; altera_merlin_slave_agent       ; --         ;
; IP_TOOL_ENV                         ; Qsys                                                       ; --            ; altera_merlin_slave_translator  ; --         ;
; IP_TOOL_ENV                         ; Qsys                                                       ; --            ; altera_reset_controller         ; --         ;
; IP_TOOL_ENV                         ; Qsys                                                       ; --            ; nios_upc                        ; --         ;
; IP_TOOL_ENV                         ; Qsys                                                       ; --            ; nios_upc_addr_router            ; --         ;
; IP_TOOL_ENV                         ; Qsys                                                       ; --            ; nios_upc_addr_router_001        ; --         ;
; IP_TOOL_ENV                         ; Qsys                                                       ; --            ; nios_upc_cmd_xbar_demux         ; --         ;
; IP_TOOL_ENV                         ; Qsys                                                       ; --            ; nios_upc_cmd_xbar_demux_001     ; --         ;
; IP_TOOL_ENV                         ; Qsys                                                       ; --            ; nios_upc_cmd_xbar_mux           ; --         ;
; IP_TOOL_ENV                         ; Qsys                                                       ; --            ; nios_upc_id_router              ; --         ;
; IP_TOOL_ENV                         ; Qsys                                                       ; --            ; nios_upc_id_router_002          ; --         ;
; IP_TOOL_ENV                         ; Qsys                                                       ; --            ; nios_upc_irq_mapper             ; --         ;
; IP_TOOL_ENV                         ; Qsys                                                       ; --            ; nios_upc_jtag_uart_0            ; --         ;
; IP_TOOL_ENV                         ; Qsys                                                       ; --            ; nios_upc_lcd_16207_0            ; --         ;
; IP_TOOL_ENV                         ; Qsys                                                       ; --            ; nios_upc_nios2_qsys_0           ; --         ;
; IP_TOOL_ENV                         ; Qsys                                                       ; --            ; nios_upc_onchip_memory2_0       ; --         ;
; IP_TOOL_ENV                         ; Qsys                                                       ; --            ; nios_upc_pio_0                  ; --         ;
; IP_TOOL_ENV                         ; Qsys                                                       ; --            ; nios_upc_pio_1                  ; --         ;
; IP_TOOL_ENV                         ; Qsys                                                       ; --            ; nios_upc_rsp_xbar_demux_002     ; --         ;
; IP_TOOL_ENV                         ; Qsys                                                       ; --            ; nios_upc_rsp_xbar_mux           ; --         ;
; IP_TOOL_ENV                         ; Qsys                                                       ; --            ; nios_upc_rsp_xbar_mux_001       ; --         ;
; IP_TOOL_NAME                        ; altera_avalon_sc_fifo                                      ; --            ; altera_avalon_sc_fifo           ; --         ;
; IP_TOOL_NAME                        ; altera_merlin_master_agent                                 ; --            ; altera_merlin_master_agent      ; --         ;
; IP_TOOL_NAME                        ; altera_merlin_master_translator                            ; --            ; altera_merlin_master_translator ; --         ;
; IP_TOOL_NAME                        ; altera_merlin_slave_agent                                  ; --            ; altera_merlin_slave_agent       ; --         ;
; IP_TOOL_NAME                        ; altera_merlin_slave_translator                             ; --            ; altera_merlin_slave_translator  ; --         ;
; IP_TOOL_NAME                        ; altera_reset_controller                                    ; --            ; altera_reset_controller         ; --         ;
; IP_TOOL_NAME                        ; Qsys                                                       ; --            ; nios_upc                        ; --         ;
; IP_TOOL_NAME                        ; altera_merlin_router                                       ; --            ; nios_upc_addr_router            ; --         ;
; IP_TOOL_NAME                        ; altera_merlin_router                                       ; --            ; nios_upc_addr_router_001        ; --         ;
; IP_TOOL_NAME                        ; altera_merlin_demultiplexer                                ; --            ; nios_upc_cmd_xbar_demux         ; --         ;
; IP_TOOL_NAME                        ; altera_merlin_demultiplexer                                ; --            ; nios_upc_cmd_xbar_demux_001     ; --         ;
; IP_TOOL_NAME                        ; altera_merlin_multiplexer                                  ; --            ; nios_upc_cmd_xbar_mux           ; --         ;
; IP_TOOL_NAME                        ; altera_merlin_router                                       ; --            ; nios_upc_id_router              ; --         ;
; IP_TOOL_NAME                        ; altera_merlin_router                                       ; --            ; nios_upc_id_router_002          ; --         ;
; IP_TOOL_NAME                        ; altera_irq_mapper                                          ; --            ; nios_upc_irq_mapper             ; --         ;
; IP_TOOL_NAME                        ; altera_avalon_jtag_uart                                    ; --            ; nios_upc_jtag_uart_0            ; --         ;
; IP_TOOL_NAME                        ; altera_avalon_lcd_16207                                    ; --            ; nios_upc_lcd_16207_0            ; --         ;
; IP_TOOL_NAME                        ; altera_nios2_qsys                                          ; --            ; nios_upc_nios2_qsys_0           ; --         ;
; IP_TOOL_NAME                        ; altera_avalon_onchip_memory2                               ; --            ; nios_upc_onchip_memory2_0       ; --         ;
; IP_TOOL_NAME                        ; altera_avalon_pio                                          ; --            ; nios_upc_pio_0                  ; --         ;
; IP_TOOL_NAME                        ; altera_avalon_pio                                          ; --            ; nios_upc_pio_1                  ; --         ;
; IP_TOOL_NAME                        ; altera_merlin_demultiplexer                                ; --            ; nios_upc_rsp_xbar_demux_002     ; --         ;
; IP_TOOL_NAME                        ; altera_merlin_multiplexer                                  ; --            ; nios_upc_rsp_xbar_mux           ; --         ;
; IP_TOOL_NAME                        ; altera_merlin_multiplexer                                  ; --            ; nios_upc_rsp_xbar_mux_001       ; --         ;
; IP_TOOL_VERSION                     ; 13.0                                                       ; --            ; altera_avalon_sc_fifo           ; --         ;
; IP_TOOL_VERSION                     ; 13.0                                                       ; --            ; altera_merlin_master_agent      ; --         ;
; IP_TOOL_VERSION                     ; 13.0                                                       ; --            ; altera_merlin_master_translator ; --         ;
; IP_TOOL_VERSION                     ; 13.0                                                       ; --            ; altera_merlin_slave_agent       ; --         ;
; IP_TOOL_VERSION                     ; 13.0                                                       ; --            ; altera_merlin_slave_translator  ; --         ;
; IP_TOOL_VERSION                     ; 13.0                                                       ; --            ; altera_reset_controller         ; --         ;
; IP_TOOL_VERSION                     ; 13.0sp1                                                    ; --            ; nios_upc                        ; --         ;
; IP_TOOL_VERSION                     ; 13.0                                                       ; --            ; nios_upc_addr_router            ; --         ;
; IP_TOOL_VERSION                     ; 13.0                                                       ; --            ; nios_upc_addr_router_001        ; --         ;
; IP_TOOL_VERSION                     ; 13.0                                                       ; --            ; nios_upc_cmd_xbar_demux         ; --         ;
; IP_TOOL_VERSION                     ; 13.0                                                       ; --            ; nios_upc_cmd_xbar_demux_001     ; --         ;
; IP_TOOL_VERSION                     ; 13.0                                                       ; --            ; nios_upc_cmd_xbar_mux           ; --         ;
; IP_TOOL_VERSION                     ; 13.0                                                       ; --            ; nios_upc_id_router              ; --         ;
; IP_TOOL_VERSION                     ; 13.0                                                       ; --            ; nios_upc_id_router_002          ; --         ;
; IP_TOOL_VERSION                     ; 13.0                                                       ; --            ; nios_upc_irq_mapper             ; --         ;
; IP_TOOL_VERSION                     ; 13.0.1.99.2                                                ; --            ; nios_upc_jtag_uart_0            ; --         ;
; IP_TOOL_VERSION                     ; 13.0.1.99.2                                                ; --            ; nios_upc_lcd_16207_0            ; --         ;
; IP_TOOL_VERSION                     ; 13.0                                                       ; --            ; nios_upc_nios2_qsys_0           ; --         ;
; IP_TOOL_VERSION                     ; 13.0.1.99.2                                                ; --            ; nios_upc_onchip_memory2_0       ; --         ;
; IP_TOOL_VERSION                     ; 13.0.1.99.2                                                ; --            ; nios_upc_pio_0                  ; --         ;
; IP_TOOL_VERSION                     ; 13.0.1.99.2                                                ; --            ; nios_upc_pio_1                  ; --         ;
; IP_TOOL_VERSION                     ; 13.0                                                       ; --            ; nios_upc_rsp_xbar_demux_002     ; --         ;
; IP_TOOL_VERSION                     ; 13.0                                                       ; --            ; nios_upc_rsp_xbar_mux           ; --         ;
; IP_TOOL_VERSION                     ; 13.0                                                       ; --            ; nios_upc_rsp_xbar_mux_001       ; --         ;
; MAX_CORE_JUNCTION_TEMP              ; 85                                                         ; --            ; --                              ; --         ;
; MIN_CORE_JUNCTION_TEMP              ; 0                                                          ; --            ; --                              ; --         ;
; MISC_FILE                           ; nios_upc/synthesis/../../nios_upc.cmp                      ; --            ; --                              ; --         ;
; MISC_FILE                           ; nios_upc/synthesis/../../nios_upc.qsys                     ; --            ; --                              ; --         ;
; PARTITION_COLOR                     ; 16764057                                                   ; --            ; --                              ; Top        ;
; PARTITION_FITTER_PRESERVATION_LEVEL ; PLACEMENT_AND_ROUTING                                      ; --            ; --                              ; Top        ;
; PARTITION_NETLIST_TYPE              ; SOURCE                                                     ; --            ; --                              ; Top        ;
; POWER_BOARD_THERMAL_MODEL           ; None (CONSERVATIVE)                                        ; --            ; --                              ; --         ;
; POWER_PRESET_COOLING_SOLUTION       ; 23 MM HEAT SINK WITH 200 LFPM AIRFLOW                      ; --            ; --                              ; --         ;
; PROJECT_OUTPUT_DIRECTORY            ; output_files                                               ; --            ; --                              ; --         ;
; SLD_INFO                            ; QSYS_NAME nios_upc HAS_SOPCINFO 1 GENERATION_ID 1605271599 ; --            ; nios_upc                        ; --         ;
; SOPCINFO_FILE                       ; nios_upc/synthesis/../../nios_upc.sopcinfo                 ; --            ; --                              ; --         ;
; SYNTHESIS_ONLY_QIP                  ; On                                                         ; --            ; --                              ; --         ;
+-------------------------------------+------------------------------------------------------------+---------------+---------------------------------+------------+


+----------------------------------------------------------------------------------------------------------------------------+
; Flow Elapsed Time                                                                                                          ;
+------------------------+--------------+-------------------------+---------------------+------------------------------------+
; Module Name            ; Elapsed Time ; Average Processors Used ; Peak Virtual Memory ; Total CPU Time (on all processors) ;
+------------------------+--------------+-------------------------+---------------------+------------------------------------+
; Analysis & Elaboration ; 00:00:21     ; 1.0                     ; 4704 MB             ; 00:00:10                           ;
; Total                  ; 00:00:21     ; --                      ; --                  ; 00:00:10                           ;
+------------------------+--------------+-------------------------+---------------------+------------------------------------+


+-------------------------------------------------------------------------------------+
; Flow OS Summary                                                                     ;
+------------------------+------------------+-----------+------------+----------------+
; Module Name            ; Machine Hostname ; OS Name   ; OS Version ; Processor type ;
+------------------------+------------------+-----------+------------+----------------+
; Analysis & Elaboration ; Sarfacemon       ; Windows 7 ; 6.2        ; x86_64         ;
+------------------------+------------------+-----------+------------+----------------+


------------
; Flow Log ;
------------
quartus_map --read_settings_files=on --write_settings_files=off sem11_niosii_d -c sem11_niosii_d --analysis_and_elaboration



