Flow report for cont_00_99_mux
Fri Sep 13 10:45:56 2019
Quartus II 64-Bit Version 13.0.1 Build 232 06/12/2013 Service Pack 1 SJ Web Edition


---------------------
; Table of Contents ;
---------------------
  1. Legal Notice
  2. Flow Summary
  3. Flow Settings
  4. Flow Non-Default Global Settings
  5. Flow Elapsed Time
  6. Flow OS Summary
  7. Flow Log
  8. Flow Messages
  9. Flow Suppressed Messages



----------------
; Legal Notice ;
----------------
Copyright (C) 1991-2013 Altera Corporation
Your use of Altera Corporation's design tools, logic functions 
and other software and tools, and its AMPP partner logic 
functions, and any output files from any of the foregoing 
(including device programming or simulation files), and any 
associated documentation or information are expressly subject 
to the terms and conditions of the Altera Program License 
Subscription Agreement, Altera MegaCore Function License 
Agreement, or other applicable license agreement, including, 
without limitation, that your use is for the sole purpose of 
programming logic devices manufactured by Altera and sold by 
Altera or its authorized distributors.  Please refer to the 
applicable agreement for further details.



+--------------------------------------------------------------------------------------+
; Flow Summary                                                                         ;
+------------------------------------+-------------------------------------------------+
; Flow Status                        ; Successful - Fri Sep 13 10:45:56 2019           ;
; Quartus II 64-Bit Version          ; 13.0.1 Build 232 06/12/2013 SP 1 SJ Web Edition ;
; Revision Name                      ; cont_00_99_mux                                  ;
; Top-level Entity Name              ; cont_00_99_mux                                  ;
; Family                             ; Cyclone II                                      ;
; Total logic elements               ; 9 / 4,608 ( < 1 % )                             ;
;     Total combinational functions  ; 9 / 4,608 ( < 1 % )                             ;
;     Dedicated logic registers      ; 8 / 4,608 ( < 1 % )                             ;
; Total registers                    ; 8                                               ;
; Total pins                         ; 10 / 89 ( 11 % )                                ;
; Total virtual pins                 ; 0                                               ;
; Total memory bits                  ; 0 / 119,808 ( 0 % )                             ;
; Embedded Multiplier 9-bit elements ; 0 / 26 ( 0 % )                                  ;
; Total PLLs                         ; 0 / 2 ( 0 % )                                   ;
; Device                             ; EP2C5T144C8                                     ;
; Timing Models                      ; Final                                           ;
+------------------------------------+-------------------------------------------------+


+-----------------------------------------+
; Flow Settings                           ;
+-------------------+---------------------+
; Option            ; Setting             ;
+-------------------+---------------------+
; Start date & time ; 09/13/2019 10:22:37 ;
; Main task         ; Compilation         ;
; Revision Name     ; cont_00_99_mux      ;
+-------------------+---------------------+


+----------------------------------------------------------------------------------------------------------------------------+
; Flow Non-Default Global Settings                                                                                           ;
+-------------------------------------+---------------------------------+---------------+-------------+----------------------+
; Assignment Name                     ; Value                           ; Default Value ; Entity Name ; Section Id           ;
+-------------------------------------+---------------------------------+---------------+-------------+----------------------+
; COMPILER_SIGNATURE_ID               ; 207273072886356.156838815702880 ; --            ; --          ; --                   ;
; EDA_DESIGN_ENTRY_SYNTHESIS_TOOL     ; Custom                          ; <None>        ; --          ; --                   ;
; EDA_INPUT_DATA_FORMAT               ; Vhdl                            ; --            ; --          ; eda_design_synthesis ;
; EDA_OUTPUT_DATA_FORMAT              ; Vhdl                            ; --            ; --          ; eda_simulation       ;
; EDA_SIMULATION_TOOL                 ; Custom VHDL                     ; <None>        ; --          ; --                   ;
; EDA_TIME_SCALE                      ; 1 ps                            ; --            ; --          ; eda_simulation       ;
; PARTITION_COLOR                     ; 16764057                        ; --            ; --          ; Top                  ;
; PARTITION_FITTER_PRESERVATION_LEVEL ; PLACEMENT_AND_ROUTING           ; --            ; --          ; Top                  ;
; PARTITION_NETLIST_TYPE              ; SOURCE                          ; --            ; --          ; Top                  ;
; PROJECT_OUTPUT_DIRECTORY            ; output_files                    ; --            ; --          ; --                   ;
+-------------------------------------+---------------------------------+---------------+-------------+----------------------+


+-------------------------------------------------------------------------------------------------------------------------------+
; Flow Elapsed Time                                                                                                             ;
+---------------------------+--------------+-------------------------+---------------------+------------------------------------+
; Module Name               ; Elapsed Time ; Average Processors Used ; Peak Virtual Memory ; Total CPU Time (on all processors) ;
+---------------------------+--------------+-------------------------+---------------------+------------------------------------+
; Analysis & Synthesis      ; 00:00:04     ; 1.0                     ; 4628 MB             ; 00:00:02                           ;
; Fitter                    ; 00:00:05     ; 1.0                     ; 4802 MB             ; 00:00:03                           ;
; Assembler                 ; 00:00:03     ; 1.0                     ; 4555 MB             ; 00:00:01                           ;
; TimeQuest Timing Analyzer ; 00:00:07     ; 1.0                     ; 4538 MB             ; 00:00:01                           ;
; EDA Netlist Writer        ; 00:00:01     ; 1.0                     ; 4515 MB             ; 00:00:01                           ;
; EDA Netlist Writer        ; 00:00:01     ; 1.0                     ; 4512 MB             ; 00:00:01                           ;
; EDA Netlist Writer        ; 00:00:01     ; 1.0                     ; 4517 MB             ; 00:00:01                           ;
; EDA Netlist Writer        ; 00:00:02     ; 1.0                     ; 4512 MB             ; 00:00:01                           ;
; EDA Netlist Writer        ; 00:00:01     ; 1.0                     ; 4517 MB             ; 00:00:01                           ;
; Total                     ; 00:00:25     ; --                      ; --                  ; 00:00:12                           ;
+---------------------------+--------------+-------------------------+---------------------+------------------------------------+


+----------------------------------------------------------------------------------------+
; Flow OS Summary                                                                        ;
+---------------------------+------------------+-----------+------------+----------------+
; Module Name               ; Machine Hostname ; OS Name   ; OS Version ; Processor type ;
+---------------------------+------------------+-----------+------------+----------------+
; Analysis & Synthesis      ; Sarfacemon       ; Windows 7 ; 6.2        ; x86_64         ;
; Fitter                    ; Sarfacemon       ; Windows 7 ; 6.2        ; x86_64         ;
; Assembler                 ; Sarfacemon       ; Windows 7 ; 6.2        ; x86_64         ;
; TimeQuest Timing Analyzer ; Sarfacemon       ; Windows 7 ; 6.2        ; x86_64         ;
; EDA Netlist Writer        ; Sarfacemon       ; Windows 7 ; 6.2        ; x86_64         ;
; EDA Netlist Writer        ; Sarfacemon       ; Windows 7 ; 6.2        ; x86_64         ;
; EDA Netlist Writer        ; Sarfacemon       ; Windows 7 ; 6.2        ; x86_64         ;
; EDA Netlist Writer        ; Sarfacemon       ; Windows 7 ; 6.2        ; x86_64         ;
; EDA Netlist Writer        ; Sarfacemon       ; Windows 7 ; 6.2        ; x86_64         ;
+---------------------------+------------------+-----------+------------+----------------+


------------
; Flow Log ;
------------
quartus_map --read_settings_files=on --write_settings_files=off cont_00_99_mux -c cont_00_99_mux
quartus_fit --read_settings_files=off --write_settings_files=off cont_00_99_mux -c cont_00_99_mux
quartus_asm --read_settings_files=off --write_settings_files=off cont_00_99_mux -c cont_00_99_mux
quartus_sta cont_00_99_mux -c cont_00_99_mux
quartus_eda --read_settings_files=off --write_settings_files=off cont_00_99_mux -c cont_00_99_mux
quartus_eda --gen_testbench --check_outputs=on --tool=modelsim_oem --format=verilog cont_00_99_mux -c cont_00_99_mux --vector_source=D:/quartusmon/cont00-99mux/simuleishon.vwf --testbench_file=./simulation/qsim/cont_00_99_mux.vt
quartus_eda --functional=on --simulation=on --tool=modelsim_oem --format=verilog cont_00_99_mux -c cont_00_99_mux
quartus_eda --gen_testbench --check_outputs=on --tool=modelsim_oem --format=verilog cont_00_99_mux -c cont_00_99_mux --vector_source=D:/quartusmon/cont00-99mux/simuleishon.vwf --testbench_file=./simulation/qsim/cont_00_99_mux.vt
quartus_eda --functional=on --simulation=on --tool=modelsim_oem --format=verilog cont_00_99_mux -c cont_00_99_mux



