Info: Starting: Create block symbol file (.bsf)
Info: ip-generate --project-directory=D:/quartusmon/sem11_niosii_d/ --output-directory=D:/quartusmon/sem11_niosii_d/nios_upc/ --report-file=bsf:D:/quartusmon/sem11_niosii_d/nios_upc.bsf --system-info=DEVICE_FAMILY="Cyclone II" --system-info=DEVICE=EP2C5T144C8 --system-info=DEVICE_SPEEDGRADE=8 --component-file=D:/quartusmon/sem11_niosii_d/nios_upc.qsys
Progress: Loading sem11_niosii_d/nios_upc.qsys
Progress: Reading input file
Progress: Adding clk_0 [clock_source 13.0]
Progress: Parameterizing module clk_0
Progress: Adding nios2_qsys_0 [altera_nios2_qsys 13.0]
Progress: Parameterizing module nios2_qsys_0
Progress: Adding jtag_uart_0 [altera_avalon_jtag_uart 13.0.1.99.2]
Progress: Parameterizing module jtag_uart_0
Progress: Adding onchip_memory2_0 [altera_avalon_onchip_memory2 13.0.1.99.2]
Progress: Parameterizing module onchip_memory2_0
Progress: Adding pio_0 [altera_avalon_pio 13.0.1.99.2]
Progress: Parameterizing module pio_0
Progress: Adding lcd_16207_0 [altera_avalon_lcd_16207 13.0.1.99.2]
Progress: Parameterizing module lcd_16207_0
Progress: Adding pio_1 [altera_avalon_pio 13.0.1.99.2]
Progress: Parameterizing module pio_1
Progress: Building connections
Progress: Parameterizing connections
Progress: Validating
Progress: Done reading input file
Info: nios_upc.pio_1: PIO inputs are not hardwired in test bench. Undefined values will be read from PIO inputs during simulation.
Info: ip-generate succeeded.
Info: Finished: Create block symbol file (.bsf)
Info: 
Info: Starting: Create HDL design files for synthesis
Info: ip-generate --project-directory=D:/quartusmon/sem11_niosii_d/ --output-directory=D:/quartusmon/sem11_niosii_d/nios_upc/synthesis/ --file-set=QUARTUS_SYNTH --report-file=sopcinfo:D:/quartusmon/sem11_niosii_d/nios_upc.sopcinfo --report-file=html:D:/quartusmon/sem11_niosii_d/nios_upc.html --report-file=qip:D:/quartusmon/sem11_niosii_d/nios_upc/synthesis/nios_upc.qip --report-file=cmp:D:/quartusmon/sem11_niosii_d/nios_upc.cmp --report-file=svd --system-info=DEVICE_FAMILY="Cyclone II" --system-info=DEVICE=EP2C5T144C8 --system-info=DEVICE_SPEEDGRADE=8 --component-file=D:/quartusmon/sem11_niosii_d/nios_upc.qsys --language=VHDL
Progress: Loading sem11_niosii_d/nios_upc.qsys
Progress: Reading input file
Progress: Adding clk_0 [clock_source 13.0]
Progress: Parameterizing module clk_0
Progress: Adding nios2_qsys_0 [altera_nios2_qsys 13.0]
Progress: Parameterizing module nios2_qsys_0
Progress: Adding jtag_uart_0 [altera_avalon_jtag_uart 13.0.1.99.2]
Progress: Parameterizing module jtag_uart_0
Progress: Adding onchip_memory2_0 [altera_avalon_onchip_memory2 13.0.1.99.2]
Progress: Parameterizing module onchip_memory2_0
Progress: Adding pio_0 [altera_avalon_pio 13.0.1.99.2]
Progress: Parameterizing module pio_0
Progress: Adding lcd_16207_0 [altera_avalon_lcd_16207 13.0.1.99.2]
Progress: Parameterizing module lcd_16207_0
Progress: Adding pio_1 [altera_avalon_pio 13.0.1.99.2]
Progress: Parameterizing module pio_1
Progress: Building connections
Progress: Parameterizing connections
Progress: Validating
Progress: Done reading input file
Info: nios_upc.pio_1: PIO inputs are not hardwired in test bench. Undefined values will be read from PIO inputs during simulation.
Info: nios_upc: Generating nios_upc "nios_upc" for QUARTUS_SYNTH
Info: pipeline_bridge_swap_transform: After transform: 7 modules, 22 connections
Info: No custom instruction connections, skipping transform 
Info: merlin_translator_transform: After transform: 15 modules, 46 connections
Info: merlin_domain_transform: After transform: 30 modules, 124 connections
Info: merlin_router_transform: After transform: 38 modules, 148 connections
Info: reset_adaptation_transform: After transform: 39 modules, 150 connections
Info: merlin_network_to_switch_transform: After transform: 54 modules, 182 connections
Info: merlin_mm_transform: After transform: 54 modules, 182 connections
Info: merlin_interrupt_mapper_transform: After transform: 55 modules, 185 connections
Warning: nios_upc: "No matching role found for rst_controller:reset_out:reset_req (reset_req)"
Warning: nios_upc: "No matching role found for rst_controller:reset_out:reset_req (reset_req)"
Warning: nios_upc: "No matching role found for rst_controller:reset_out:reset_req (reset_req)"
Warning: nios_upc: "No matching role found for rst_controller:reset_out:reset_req (reset_req)"
Warning: nios_upc: "No matching role found for rst_controller:reset_out:reset_req (reset_req)"
Warning: nios_upc: "No matching role found for rst_controller:reset_out:reset_req (reset_req)"
Warning: nios_upc: "No matching role found for rst_controller:reset_out:reset_req (reset_req)"
Warning: nios_upc: "No matching role found for rst_controller:reset_out:reset_req (reset_req)"
Warning: nios_upc: "No matching role found for rst_controller:reset_out:reset_req (reset_req)"
Warning: nios_upc: "No matching role found for rst_controller:reset_out:reset_req (reset_req)"
Warning: nios_upc: "No matching role found for rst_controller:reset_out:reset_req (reset_req)"
Warning: nios_upc: "No matching role found for rst_controller:reset_out:reset_req (reset_req)"
Warning: nios_upc: "No matching role found for rst_controller:reset_out:reset_req (reset_req)"
Warning: nios_upc: "No matching role found for rst_controller:reset_out:reset_req (reset_req)"
Warning: nios_upc: "No matching role found for rst_controller:reset_out:reset_req (reset_req)"
Warning: nios_upc: "No matching role found for rst_controller:reset_out:reset_req (reset_req)"
Warning: nios_upc: "No matching role found for rst_controller:reset_out:reset_req (reset_req)"
Warning: nios_upc: "No matching role found for rst_controller:reset_out:reset_req (reset_req)"
Warning: nios_upc: "No matching role found for rst_controller:reset_out:reset_req (reset_req)"
Warning: nios_upc: "No matching role found for rst_controller:reset_out:reset_req (reset_req)"
Warning: nios_upc: "No matching role found for rst_controller:reset_out:reset_req (reset_req)"
Warning: nios_upc: "No matching role found for rst_controller:reset_out:reset_req (reset_req)"
Warning: nios_upc: "No matching role found for rst_controller:reset_out:reset_req (reset_req)"
Warning: nios_upc: "No matching role found for rst_controller:reset_out:reset_req (reset_req)"
Warning: nios_upc: "No matching role found for rst_controller:reset_out:reset_req (reset_req)"
Warning: nios_upc: "No matching role found for rst_controller:reset_out:reset_req (reset_req)"
Warning: nios_upc: "No matching role found for rst_controller:reset_out:reset_req (reset_req)"
Warning: nios_upc: "No matching role found for rst_controller:reset_out:reset_req (reset_req)"
Warning: nios_upc: "No matching role found for rst_controller:reset_out:reset_req (reset_req)"
Warning: nios_upc: "No matching role found for rst_controller:reset_out:reset_req (reset_req)"
Warning: nios_upc: "No matching role found for rst_controller:reset_out:reset_req (reset_req)"
Warning: nios_upc: "No matching role found for rst_controller:reset_out:reset_req (reset_req)"
Warning: nios_upc: "No matching role found for rst_controller:reset_out:reset_req (reset_req)"
Warning: nios_upc: "No matching role found for rst_controller:reset_out:reset_req (reset_req)"
Warning: nios_upc: "No matching role found for rst_controller:reset_out:reset_req (reset_req)"
Warning: nios_upc: "No matching role found for rst_controller:reset_out:reset_req (reset_req)"
Warning: nios_upc: "No matching role found for rst_controller:reset_out:reset_req (reset_req)"
Warning: nios_upc: "No matching role found for rst_controller:reset_out:reset_req (reset_req)"
Warning: nios_upc: "No matching role found for rst_controller:reset_out:reset_req (reset_req)"
Warning: nios_upc: "No matching role found for rst_controller:reset_out:reset_req (reset_req)"
Warning: nios_upc: "No matching role found for rst_controller:reset_out:reset_req (reset_req)"
Warning: nios_upc: "No matching role found for rst_controller:reset_out:reset_req (reset_req)"
Warning: nios_upc: "No matching role found for rst_controller:reset_out:reset_req (reset_req)"
Warning: nios_upc: "No matching role found for rst_controller:reset_out:reset_req (reset_req)"
Warning: nios_upc: "No matching role found for rst_controller:reset_out:reset_req (reset_req)"
Warning: nios_upc: "No matching role found for rst_controller:reset_out:reset_req (reset_req)"
Warning: nios_upc: "No matching role found for rst_controller:reset_out:reset_req (reset_req)"
Warning: nios_upc: "No matching role found for rst_controller:reset_out:reset_req (reset_req)"
Warning: nios_upc: "No matching role found for rst_controller:reset_out:reset_req (reset_req)"
Warning: nios_upc: "No matching role found for rst_controller:reset_out:reset_req (reset_req)"
Warning: nios_upc: "No matching role found for rst_controller:reset_out:reset_req (reset_req)"
Warning: nios_upc: "No matching role found for rst_controller:reset_out:reset_req (reset_req)"
Info: nios2_qsys_0: Starting RTL generation for module 'nios_upc_nios2_qsys_0'
Info: nios2_qsys_0:   Generation command is [exec C:/altera/13.0sp1/quartus/../ip/altera/nios2_ip/altera_nios2/eperl.exe -I C:/altera/13.0sp1/quartus/common/ip/altera/common/perl/5.8.3 -I C:/altera/13.0sp1/quartus/sopc_builder/bin/europa -I C:/altera/13.0sp1/quartus/sopc_builder/bin/perl_lib -I C:/altera/13.0sp1/quartus/sopc_builder/bin -I C:/altera/13.0sp1/quartus/../ip/altera/nios2_ip/altera_nios2/cpu_lib -I C:/altera/13.0sp1/quartus/../ip/altera/nios2_ip/altera_nios2/nios_lib -I C:/altera/13.0sp1/quartus/../ip/altera/nios2_ip/altera_nios2 -I C:/altera/13.0sp1/quartus/../ip/altera/nios2_ip/altera_nios2 -- C:/altera/13.0sp1/quartus/../ip/altera/nios2_ip/altera_nios2/generate_rtl.epl --name=nios_upc_nios2_qsys_0 --dir=C:/Users/klnla/AppData/Local/Temp/alt8579_5113799653149548265.dir/0001_nios2_qsys_0_gen/ --quartus_dir=C:/altera/13.0sp1/quartus --verilog --config=C:/Users/klnla/AppData/Local/Temp/alt8579_5113799653149548265.dir/0001_nios2_qsys_0_gen//nios_upc_nios2_qsys_0_processor_configuration.pl  --do_build_sim=0    --bogus  ]
Info: nios2_qsys_0: # 2020.11.13 07:46:51 (*) Starting Nios II generation
Info: nios2_qsys_0: # 2020.11.13 07:46:51 (*)   Checking for plaintext license.
Info: nios2_qsys_0: # 2020.11.13 07:46:55 (*)   Couldn't query license setup in Quartus directory C:/altera/13.0sp1/quartus
Info: nios2_qsys_0: # 2020.11.13 07:46:55 (*)   Defaulting to contents of LM_LICENSE_FILE environment variable
Info: nios2_qsys_0: # 2020.11.13 07:46:55 (*)   LM_LICENSE_FILE environment variable is empty
Info: nios2_qsys_0: # 2020.11.13 07:46:55 (*)   Plaintext license not found.
Info: nios2_qsys_0: # 2020.11.13 07:46:55 (*)   No license required to generate encrypted Nios II/e.
Info: nios2_qsys_0: # 2020.11.13 07:46:55 (*)   Elaborating CPU configuration settings
Info: nios2_qsys_0: # 2020.11.13 07:46:55 (*)   Creating all objects for CPU
Info: nios2_qsys_0: # 2020.11.13 07:46:57 (*)   Generating RTL from CPU objects
Info: nios2_qsys_0: # 2020.11.13 07:46:57 (*)   Creating plain-text RTL
Info: nios2_qsys_0: # 2020.11.13 07:47:02 (*) Done Nios II generation
Info: nios2_qsys_0: Done RTL generation for module 'nios_upc_nios2_qsys_0'
Info: nios2_qsys_0: "nios_upc" instantiated altera_nios2_qsys "nios2_qsys_0"
Info: jtag_uart_0: Starting RTL generation for module 'nios_upc_jtag_uart_0'
Info: jtag_uart_0:   Generation command is [exec C:/altera/13.0sp1/quartus/bin/perl/bin/perl.exe -I C:/altera/13.0sp1/quartus/common/ip/altera/common/perl/5.8.3 -I C:/altera/13.0sp1/quartus/sopc_builder/bin/europa -I C:/altera/13.0sp1/quartus/sopc_builder/bin/perl_lib -I C:/altera/13.0sp1/quartus/sopc_builder/bin -I C:/altera/13.0sp1/quartus/../ip/altera/sopc_builder_ip/common -I C:/altera/13.0sp1/quartus/../ip/altera/sopc_builder_ip/altera_avalon_jtag_uart -- C:/altera/13.0sp1/quartus/../ip/altera/sopc_builder_ip/altera_avalon_jtag_uart/generate_rtl.pl --name=nios_upc_jtag_uart_0 --dir=C:/Users/klnla/AppData/Local/Temp/alt8579_5113799653149548265.dir/0002_jtag_uart_0_gen/ --quartus_dir=C:/altera/13.0sp1/quartus --verilog --config=C:/Users/klnla/AppData/Local/Temp/alt8579_5113799653149548265.dir/0002_jtag_uart_0_gen//nios_upc_jtag_uart_0_component_configuration.pl  --do_build_sim=0  ]
Info: jtag_uart_0: Done RTL generation for module 'nios_upc_jtag_uart_0'
Info: jtag_uart_0: "nios_upc" instantiated altera_avalon_jtag_uart "jtag_uart_0"
Info: onchip_memory2_0: Starting RTL generation for module 'nios_upc_onchip_memory2_0'
Info: onchip_memory2_0:   Generation command is [exec C:/altera/13.0sp1/quartus/bin/perl/bin/perl.exe -I C:/altera/13.0sp1/quartus/common/ip/altera/common/perl/5.8.3 -I C:/altera/13.0sp1/quartus/sopc_builder/bin/europa -I C:/altera/13.0sp1/quartus/sopc_builder/bin/perl_lib -I C:/altera/13.0sp1/quartus/sopc_builder/bin -I C:/altera/13.0sp1/quartus/../ip/altera/sopc_builder_ip/common -I C:/altera/13.0sp1/quartus/../ip/altera/sopc_builder_ip/altera_avalon_onchip_memory2 -- C:/altera/13.0sp1/quartus/../ip/altera/sopc_builder_ip/altera_avalon_onchip_memory2/generate_rtl.pl --name=nios_upc_onchip_memory2_0 --dir=C:/Users/klnla/AppData/Local/Temp/alt8579_5113799653149548265.dir/0003_onchip_memory2_0_gen/ --quartus_dir=C:/altera/13.0sp1/quartus --verilog --config=C:/Users/klnla/AppData/Local/Temp/alt8579_5113799653149548265.dir/0003_onchip_memory2_0_gen//nios_upc_onchip_memory2_0_component_configuration.pl  --do_build_sim=0  ]
Info: onchip_memory2_0: Done RTL generation for module 'nios_upc_onchip_memory2_0'
Info: onchip_memory2_0: "nios_upc" instantiated altera_avalon_onchip_memory2 "onchip_memory2_0"
Info: pio_0: Starting RTL generation for module 'nios_upc_pio_0'
Info: pio_0:   Generation command is [exec C:/altera/13.0sp1/quartus/bin/perl/bin/perl.exe -I C:/altera/13.0sp1/quartus/common/ip/altera/common/perl/5.8.3 -I C:/altera/13.0sp1/quartus/sopc_builder/bin/europa -I C:/altera/13.0sp1/quartus/sopc_builder/bin/perl_lib -I C:/altera/13.0sp1/quartus/sopc_builder/bin -I C:/altera/13.0sp1/quartus/../ip/altera/sopc_builder_ip/common -I C:/altera/13.0sp1/quartus/../ip/altera/sopc_builder_ip/altera_avalon_pio -- C:/altera/13.0sp1/quartus/../ip/altera/sopc_builder_ip/altera_avalon_pio/generate_rtl.pl --name=nios_upc_pio_0 --dir=C:/Users/klnla/AppData/Local/Temp/alt8579_5113799653149548265.dir/0004_pio_0_gen/ --quartus_dir=C:/altera/13.0sp1/quartus --verilog --config=C:/Users/klnla/AppData/Local/Temp/alt8579_5113799653149548265.dir/0004_pio_0_gen//nios_upc_pio_0_component_configuration.pl  --do_build_sim=0  ]
Info: pio_0: Done RTL generation for module 'nios_upc_pio_0'
Info: pio_0: "nios_upc" instantiated altera_avalon_pio "pio_0"
Info: lcd_16207_0: Starting RTL generation for module 'nios_upc_lcd_16207_0'
Info: lcd_16207_0:   Generation command is [exec C:/altera/13.0sp1/quartus/bin/perl/bin/perl.exe -I C:/altera/13.0sp1/quartus/common/ip/altera/common/perl/5.8.3 -I C:/altera/13.0sp1/quartus/sopc_builder/bin/europa -I C:/altera/13.0sp1/quartus/sopc_builder/bin/perl_lib -I C:/altera/13.0sp1/quartus/sopc_builder/bin -I C:/altera/13.0sp1/quartus/../ip/altera/sopc_builder_ip/common -I C:/altera/13.0sp1/quartus/../ip/altera/sopc_builder_ip/altera_avalon_lcd_16207 -- C:/altera/13.0sp1/quartus/../ip/altera/sopc_builder_ip/altera_avalon_lcd_16207/generate_rtl.pl --name=nios_upc_lcd_16207_0 --dir=C:/Users/klnla/AppData/Local/Temp/alt8579_5113799653149548265.dir/0005_lcd_16207_0_gen/ --quartus_dir=C:/altera/13.0sp1/quartus --verilog --config=C:/Users/klnla/AppData/Local/Temp/alt8579_5113799653149548265.dir/0005_lcd_16207_0_gen//nios_upc_lcd_16207_0_component_configuration.pl  --do_build_sim=0  ]
Info: lcd_16207_0: Done RTL generation for module 'nios_upc_lcd_16207_0'
Info: lcd_16207_0: "nios_upc" instantiated altera_avalon_lcd_16207 "lcd_16207_0"
Info: pio_1: Starting RTL generation for module 'nios_upc_pio_1'
Info: pio_1:   Generation command is [exec C:/altera/13.0sp1/quartus/bin/perl/bin/perl.exe -I C:/altera/13.0sp1/quartus/common/ip/altera/common/perl/5.8.3 -I C:/altera/13.0sp1/quartus/sopc_builder/bin/europa -I C:/altera/13.0sp1/quartus/sopc_builder/bin/perl_lib -I C:/altera/13.0sp1/quartus/sopc_builder/bin -I C:/altera/13.0sp1/quartus/../ip/altera/sopc_builder_ip/common -I C:/altera/13.0sp1/quartus/../ip/altera/sopc_builder_ip/altera_avalon_pio -- C:/altera/13.0sp1/quartus/../ip/altera/sopc_builder_ip/altera_avalon_pio/generate_rtl.pl --name=nios_upc_pio_1 --dir=C:/Users/klnla/AppData/Local/Temp/alt8579_5113799653149548265.dir/0006_pio_1_gen/ --quartus_dir=C:/altera/13.0sp1/quartus --verilog --config=C:/Users/klnla/AppData/Local/Temp/alt8579_5113799653149548265.dir/0006_pio_1_gen//nios_upc_pio_1_component_configuration.pl  --do_build_sim=0  ]
Info: pio_1: Done RTL generation for module 'nios_upc_pio_1'
Info: pio_1: "nios_upc" instantiated altera_avalon_pio "pio_1"
Info: nios2_qsys_0_instruction_master_translator: "nios_upc" instantiated altera_merlin_master_translator "nios2_qsys_0_instruction_master_translator"
Info: nios2_qsys_0_jtag_debug_module_translator: "nios_upc" instantiated altera_merlin_slave_translator "nios2_qsys_0_jtag_debug_module_translator"
Info: nios2_qsys_0_instruction_master_translator_avalon_universal_master_0_agent: "nios_upc" instantiated altera_merlin_master_agent "nios2_qsys_0_instruction_master_translator_avalon_universal_master_0_agent"
Info: nios2_qsys_0_jtag_debug_module_translator_avalon_universal_slave_0_agent: "nios_upc" instantiated altera_merlin_slave_agent "nios2_qsys_0_jtag_debug_module_translator_avalon_universal_slave_0_agent"
Info: nios2_qsys_0_jtag_debug_module_translator_avalon_universal_slave_0_agent_rsp_fifo: "nios_upc" instantiated altera_avalon_sc_fifo "nios2_qsys_0_jtag_debug_module_translator_avalon_universal_slave_0_agent_rsp_fifo"
Info: addr_router: "nios_upc" instantiated altera_merlin_router "addr_router"
Info: addr_router_001: "nios_upc" instantiated altera_merlin_router "addr_router_001"
Info: id_router: "nios_upc" instantiated altera_merlin_router "id_router"
Info: id_router_002: "nios_upc" instantiated altera_merlin_router "id_router_002"
Info: rst_controller: "nios_upc" instantiated altera_reset_controller "rst_controller"
Info: cmd_xbar_demux: "nios_upc" instantiated altera_merlin_demultiplexer "cmd_xbar_demux"
Info: cmd_xbar_demux_001: "nios_upc" instantiated altera_merlin_demultiplexer "cmd_xbar_demux_001"
Info: cmd_xbar_mux: "nios_upc" instantiated altera_merlin_multiplexer "cmd_xbar_mux"
Info: rsp_xbar_demux_002: "nios_upc" instantiated altera_merlin_demultiplexer "rsp_xbar_demux_002"
Info: rsp_xbar_mux: "nios_upc" instantiated altera_merlin_multiplexer "rsp_xbar_mux"
Info: Reusing file D:/quartusmon/sem11_niosii_d/nios_upc/synthesis/submodules/altera_merlin_arbitrator.sv
Info: rsp_xbar_mux_001: "nios_upc" instantiated altera_merlin_multiplexer "rsp_xbar_mux_001"
Info: Reusing file D:/quartusmon/sem11_niosii_d/nios_upc/synthesis/submodules/altera_merlin_arbitrator.sv
Info: irq_mapper: "nios_upc" instantiated altera_irq_mapper "irq_mapper"
Info: nios_upc: Done nios_upc" with 24 modules, 87 files, 1727500 bytes
Info: ip-generate succeeded.
Info: Finished: Create HDL design files for synthesis
